<?xml version="1.0" encoding="UTF-8"?>
<!-- Generated by org.testng.reporters.JUnitReportReporter -->
<testsuite hostname="DESKTOP-8Q4D43U" failures="0" tests="4" name="com.task.org.testNG" time="0.035" errors="0" timestamp="2022-11-17T21:13:08 IST" skipped="0">
  <testcase classname="com.task.org.testNG" name="Bsc" time="0.017"/>
  <system-out/>
  <testcase classname="com.task.org.testNG" name="Msc" time="0.003"/>
  <system-out/>
  <testcase classname="com.task.org.testNG" name="Ms" time="0.013"/>
  <system-out/>
  <testcase classname="com.task.org.testNG" name="Phd" time="0.002"/>
  <system-out/>
</testsuite> <!-- com.task.org.testNG -->
