<?xml version="1.0" encoding="UTF-8"?>
<!-- Generated by org.testng.reporters.JUnitReportReporter -->
<testsuite hostname="DESKTOP-8Q4D43U" failures="0" tests="1" name="com.testng.annota.Timeouts" time="1.841" errors="0" timestamp="2022-11-19T15:27:15 IST" skipped="0">
  <testcase classname="com.testng.annota.Timeouts" name="exception" time="1.841"/>
  <system-out/>
</testsuite> <!-- com.testng.annota.Timeouts -->
