<?xml version="1.0" encoding="UTF-8"?>
<!-- Generated by org.testng.reporters.JUnitReportReporter -->
<testsuite hostname="DESKTOP-8Q4D43U" failures="0" tests="2" name="com.task.org.Outsideclass" time="0.115" errors="0" timestamp="2022-11-18T15:36:17 IST" skipped="0">
  <testcase classname="com.task.org.Outsideclass" name="logindetails" time="0.111"/>
  <system-out/>
  <testcase classname="com.task.org.Outsideclass" name="logindetails" time="0.004"/>
  <system-out/>
</testsuite> <!-- com.task.org.Outsideclass -->
