<?xml version="1.0" encoding="UTF-8"?>
<!-- Generated by org.testng.reporters.JUnitReportReporter -->
<testsuite hostname="DESKTOP-8Q4D43U" failures="0" tests="2" name="com.task.org.Dataprovider" time="0.117" errors="0" timestamp="2022-11-18T14:02:40 IST" skipped="0">
  <testcase classname="com.task.org.Dataprovider" name="login" time="0.006"/>
  <system-out/>
  <testcase classname="com.task.org.Dataprovider" name="login" time="0.111"/>
  <system-out/>
</testsuite> <!-- com.task.org.Dataprovider -->
